Content-Type: multipart/alternative;
 boundary="===============6308283883327888475=="
MIME-Version: 1.0
Subject: Profile activation
From: test@example.com
To: abhilashtrivedi99@gmail.com
Date: Wed, 22 Jul 2020 18:25:50 -0000
Message-ID: 
 <159544235096.7354.11276789659666606318@abhilashs-macbook-pro.local>

--===============6308283883327888475==
Content-Type: text/plain; charset="utf-8"
MIME-Version: 1.0
Content-Transfer-Encoding: 7bit



To activate your profile, please follow this link:

http://127.0.0.1:8000/accounts/activate/5ZmdH7uAD2eCsWzI8NkM/

--===============6308283883327888475==
Content-Type: text/html; charset="utf-8"
MIME-Version: 1.0
Content-Transfer-Encoding: 7bit



<!DOCTYPE html PUBLIC "-//W3C//DTD XHTML 1.0 Transitional//EN"
        "http://www.w3.org/TR/xhtml1/DTD/xhtml1-transitional.dtd">
<html xmlns="http://www.w3.org/1999/xhtml">
<head>
    <meta http-equiv="Content-Type" content="text/html; charset=UTF-8"/>
    <title>Profile activation</title>
    <meta name="viewport" content="width=device-width, initial-scale=1.0"/>
</head>

<body>

<p>
    To activate your profile, please follow this link:
</p>

<p>
    <a href="http://127.0.0.1:8000/accounts/activate/5ZmdH7uAD2eCsWzI8NkM/">http://127.0.0.1:8000/accounts/activate/5ZmdH7uAD2eCsWzI8NkM/</a>
</p>

</body>

</html>

--===============6308283883327888475==--

-------------------------------------------------------------------------------
